Arguments: 
  C:\Program Files\nodejs\node.exe C:\Users\asisler\AppData\Roaming\npm\node_modules\yarn\bin\yarn.js

PATH: 
  C:\Users\asisler\bin;C:\Program Files\Git\mingw64\bin;C:\Program Files\Git\usr\local\bin;C:\Program Files\Git\usr\bin;C:\Program Files\Git\usr\bin;C:\Program Files\Git\mingw64\bin;C:\Program Files\Git\usr\bin;C:\Users\asisler\bin;C:\Python27;C:\Python27\Scripts;C:\ProgramData\Oracle\Java\javapath;C:\Windows\system32;C:\Windows;C:\Windows\System32\Wbem;C:\Windows\System32\WindowsPowerShell\v1.0;C:\Windows\CCM;C:\Program Files (x86)\Sennheiser\SoftphoneSDK;C:\Program Files (x86)\WebEx\Productivity Tools;C:\Program Files\Git\cmd;C:\Program Files\nodejs;C:\Program Files (x86)\Windows Kits\8.1\Windows Performance Toolkit;C:\Program Files (x86)\Yarn\bin;C:\Users\asisler\AppData\Local\Microsoft\WindowsApps;C:\Program Files\Microsoft VS Code\bin;C:\Users\asisler\AppData\Roaming\npm;C:\Users\asisler\AppData\Local\Yarn\bin;C:\Program Files\Git\usr\bin\vendor_perl;C:\Program Files\Git\usr\bin\core_perl

Yarn version: 
  1.5.1

Node version: 
  8.9.4

Platform: 
  win32 x64

npm manifest: 
  {
    "name": "eandbsolutions",
    "version": "1.0.0",
    "main": "app.js",
    "author": "Aaron Sisler",
    "license": "MIT",
    "scripts": {
      "build": "webpack",
      "devserver": "webpack-dev-server"
    },
    "dependencies": {
      "babel-core": "6.25.0",
      "babel-loader": "7.1.1",
      "babel-plugin-transform-class-properties": "6.24.1",
      "babel-preset-env": "1.5.2",
      "babel-preset-react": "6.24.1",
      "css-loader": "0.28.4",
      "node-sass": "4.5.3",
      "normalize.css": "7.0.0",
      "react": "16.0.0",
      "react-dom": "16.0.0",
      "sass-loader": "6.0.6",
      "style-loader": "0.18.2",
      "webpack": "3.1.0",
      "webpack-dev-server": "2.5.1"
    }
  }

yarn manifest: 
  No manifest

Lockfile: 
  No lockfile

Trace: 
  Error: Couldn't find package "node-forge@0.7.1" required by "selfsigned@^1.9.1" on the "npm" registry.
      at new MessageError (C:\Users\asisler\AppData\Roaming\npm\node_modules\yarn\lib\cli.js:186:110)
      at PackageRequest.<anonymous> (C:\Users\asisler\AppData\Roaming\npm\node_modules\yarn\lib\cli.js:36274:17)
      at Generator.throw (<anonymous>)
      at step (C:\Users\asisler\AppData\Roaming\npm\node_modules\yarn\lib\cli.js:98:30)
      at C:\Users\asisler\AppData\Roaming\npm\node_modules\yarn\lib\cli.js:111:13
      at <anonymous>
      at process._tickCallback (internal/process/next_tick.js:188:7)
